  [1m[36m (0.9ms)[0m  [1mCREATE TABLE "schema_migrations" ("version" varchar(255) NOT NULL) [0m
  [1m[35m (0.4ms)[0m  select sqlite_version(*)
  [1m[36m (0.7ms)[0m  [1mCREATE UNIQUE INDEX "unique_schema_migrations" ON "schema_migrations" ("version")[0m
  [1m[35mActiveRecord::SchemaMigration Load (0.1ms)[0m  SELECT "schema_migrations".* FROM "schema_migrations"
Migrating to CreateArticles (20141014010651)
  [1m[36m (0.1ms)[0m  [1mbegin transaction[0m
  [1m[35m (0.4ms)[0m  CREATE TABLE "articles" ("id" INTEGER PRIMARY KEY AUTOINCREMENT NOT NULL, "url" varchar(255), "title" varchar(255), "category" varchar(255), "published" date, "access" integer, "comments_count" integer, "losed" boolean, "created_at" datetime, "updated_at" datetime) 
  [1m[36mSQL (0.2ms)[0m  [1mINSERT INTO "schema_migrations" ("version") VALUES (?)[0m  [["version", "20141014010651"]]
  [1m[35m (0.5ms)[0m  commit transaction
  [1m[36mActiveRecord::SchemaMigration Load (0.1ms)[0m  [1mSELECT "schema_migrations".* FROM "schema_migrations"[0m


Started GET "/" for 127.0.0.1 at 2014-10-14 10:10:24 +0900
  [1m[36mActiveRecord::SchemaMigration Load (0.1ms)[0m  [1mSELECT "schema_migrations".* FROM "schema_migrations"[0m
Processing by Rails::WelcomeController#index as HTML
  Rendered /Users/k2works/.rvm/gems/ruby-2.1.1@github/gems/railties-4.1.6/lib/rails/templates/rails/welcome/index.html.erb (2.0ms)
Completed 200 OK in 20ms (Views: 9.4ms | ActiveRecord: 0.0ms)


Started GET "/" for 127.0.0.1 at 2014-10-14 10:11:54 +0900
Processing by ArticlesController#index as HTML
  [1m[35mArticle Load (0.7ms)[0m  SELECT "articles".* FROM "articles"
  Rendered articles/index.html.erb within layouts/application (2.3ms)
Completed 200 OK in 634ms (Views: 631.0ms | ActiveRecord: 0.7ms)


Started GET "/assets/articles.css?body=1" for 127.0.0.1 at 2014-10-14 10:11:54 +0900


Started GET "/assets/scaffolds.css?body=1" for 127.0.0.1 at 2014-10-14 10:11:54 +0900


Started GET "/assets/articles.js?body=1" for 127.0.0.1 at 2014-10-14 10:11:54 +0900


Started GET "/assets/jquery_ujs.js?body=1" for 127.0.0.1 at 2014-10-14 10:11:54 +0900


Started GET "/assets/turbolinks.js?body=1" for 127.0.0.1 at 2014-10-14 10:11:54 +0900


Started GET "/assets/application.js?body=1" for 127.0.0.1 at 2014-10-14 10:11:54 +0900


Started GET "/assets/application.css?body=1" for 127.0.0.1 at 2014-10-14 10:11:54 +0900


Started GET "/assets/jquery.js?body=1" for 127.0.0.1 at 2014-10-14 10:11:54 +0900


Started GET "/articles/new" for 127.0.0.1 at 2014-10-14 10:11:56 +0900
Processing by ArticlesController#new as HTML
  Rendered articles/_form.html.erb (72.0ms)
  Rendered articles/new.html.erb within layouts/application (77.7ms)
Completed 200 OK in 122ms (Views: 120.1ms | ActiveRecord: 0.4ms)


Started GET "/articles" for 127.0.0.1 at 2014-10-14 10:11:57 +0900
Processing by ArticlesController#index as HTML
  [1m[36mArticle Load (0.1ms)[0m  [1mSELECT "articles".* FROM "articles"[0m
  Rendered articles/index.html.erb within layouts/application (1.6ms)
Completed 200 OK in 44ms (Views: 42.8ms | ActiveRecord: 0.1ms)
